Arguments: 
  C:\Program Files\nodejs\node.exe C:\Program Files (x86)\Yarn\bin\yarn.js add nuxt @nuxtjs/axios @nuxtjs/vuetify

PATH: 
  C:\Users\martin.ndungu\bin;C:\Program Files\Git\mingw64\bin;C:\Program Files\Git\usr\local\bin;C:\Program Files\Git\usr\bin;C:\Program Files\Git\usr\bin;C:\Program Files\Git\mingw64\bin;C:\Program Files\Git\usr\bin;C:\Users\martin.ndungu\bin;C:\Program Files\ImageMagick-7.0.11-Q16-HDRI;C:\Program Files\Python38\Scripts;C:\Program Files\Python38;C:\Program Files\Python37\Scripts;C:\Program Files\Python37;C:\app\client\product\12.1.0\client_1\bin;C:\app\product\11.2.0\client_1\bin;C:\app\product\12.1.0\dbhome_1\bin;C:\WINDOWS\system32;C:\WINDOWS;C:\WINDOWS\System32\Wbem;C:\WINDOWS\System32\WindowsPowerShell\v1.0;C:\Program Files\Git\cmd;C:\WINDOWS\System32\OpenSSH;C:\xampp\php;C:\Program Files (x86)\PuTTY;C:\Program Files\PuTTY;C:\Program Files (x86)\Sennheiser\SoftphoneSDK;C:\Program Files (x86)\Yarn\bin;C:\Program Files\nodejs;C:\ProgramData\ComposerSetup\bin;C:\Program Files\Docker\Docker\resources\bin;C:\ProgramData\DockerDesktop\version-bin;C:\Users\martin.ndungu\AppData\Local\Programs\Python\Python36\Scripts;C:\Users\martin.ndungu\AppData\Local\Programs\Python\Python36;C:\Users\martin.ndungu\AppData\Local\Microsoft\WindowsApps;C:\Users\martin.ndungu\AppData\Roaming\Composer\vendor\bin;C:\Users\martin.ndungu\AppData\Local\Programs\Microsoft VS Code\bin;C:\Program Files\heroku\bin;C:\Program Files\MongoDB\Server\4.2\bin;C:\Users\martin.ndungu\AppData\Local\Yarn\bin;C:\Program Files\Java\jdk-13.0.2\bin;C:\sqlite3;C:\Users\martin.ndungu\AppData\Roaming\npm;C:\Program Files\Git\usr\bin\vendor_perl;C:\Program Files\Git\usr\bin\core_perl

Yarn version: 
  1.22.4

Node version: 
  14.16.1

Platform: 
  win32 x64

Trace: 
  Error: https://registry.yarnpkg.com/rxjs/-/rxjs-6.6.7.tgz: ESOCKETTIMEDOUT
      at ClientRequest.<anonymous> (C:\Program Files (x86)\Yarn\lib\cli.js:141375:19)
      at Object.onceWrapper (events.js:421:28)
      at ClientRequest.emit (events.js:315:20)
      at TLSSocket.emitRequestTimeout (_http_client.js:784:9)
      at Object.onceWrapper (events.js:421:28)
      at TLSSocket.emit (events.js:327:22)
      at TLSSocket.Socket._onTimeout (net.js:483:8)
      at listOnTimeout (internal/timers.js:554:17)
      at processTimers (internal/timers.js:497:7)

npm manifest: 
  {
    "name": "frontend",
    "version": "1.0.0",
    "main": "index.js",
    "license": "MIT"
  }

yarn manifest: 
  No manifest

Lockfile: 
  No lockfile
